<?xml version="1.0" encoding="UTF-8"?>
<!-- Generated by org.testng.reporters.JUnitReportReporter -->
<testsuite skipped="0" hostname="DESKTOP-7BFDLBE" name="Access.Pay.AppTest" tests="1" failures="0" timestamp="21 Jul 2021 17:41:04 GMT" time="0.012" errors="0">
  <testcase name="testApp" time="0.012" classname="Access.Pay.AppTest"/>
</testsuite> <!-- Access.Pay.AppTest -->
